
WCH-CH32V307VCT6-BEEP.elf:     file format elf32-littleriscv
WCH-CH32V307VCT6-BEEP.elf
architecture: riscv:rv32, flags 0x00000112:
EXEC_P, HAS_SYMS, D_PAGED
start address 0x00000000

Program Header:
    LOAD off    0x00001000 vaddr 0x00000000 paddr 0x00000000 align 2**12
         filesz 0x00000e98 memsz 0x00000e98 flags r-x
    LOAD off    0x00002000 vaddr 0x20000000 paddr 0x00000e98 align 2**12
         filesz 0x00000028 memsz 0x00000030 flags rw-
    LOAD off    0x00002800 vaddr 0x2000f800 paddr 0x2000f800 align 2**12
         filesz 0x00000000 memsz 0x00000800 flags rw-

Sections:
Idx Name          Size      VMA       LMA       File off  Algn
  0 .init         00000004  00000000  00000000  00001000  2**1
                  CONTENTS, ALLOC, LOAD, READONLY, CODE
  1 .vector       000001bc  00000004  00000004  00001004  2**1
                  CONTENTS, ALLOC, LOAD, READONLY, CODE
  2 .text         00000cd8  000001c0  000001c0  000011c0  2**1
                  CONTENTS, ALLOC, LOAD, READONLY, CODE
  3 .fini         00000000  00000e98  00000e98  00002028  2**0
                  CONTENTS, ALLOC, LOAD, CODE
  4 .dalign       00000000  20000000  20000000  00002028  2**0
                  CONTENTS
  5 .dlalign      00000000  00000e98  00000e98  00002028  2**0
                  CONTENTS
  6 .data         00000028  20000000  00000e98  00002000  2**2
                  CONTENTS, ALLOC, LOAD, DATA
  7 .bss          00000008  20000028  00000ec0  00002028  2**2
                  ALLOC
  8 .stack        00000800  2000f800  2000f800  00002800  2**0
                  ALLOC
  9 .debug_info   00008163  00000000  00000000  00002028  2**0
                  CONTENTS, READONLY, DEBUGGING
 10 .debug_abbrev 00001ab5  00000000  00000000  0000a18b  2**0
                  CONTENTS, READONLY, DEBUGGING
 11 .debug_aranges 00000628  00000000  00000000  0000bc40  2**3
                  CONTENTS, READONLY, DEBUGGING
 12 .debug_ranges 000005d0  00000000  00000000  0000c268  2**3
                  CONTENTS, READONLY, DEBUGGING
 13 .debug_line   000074b2  00000000  00000000  0000c838  2**0
                  CONTENTS, READONLY, DEBUGGING
 14 .debug_str    000021a8  00000000  00000000  00013cea  2**0
                  CONTENTS, READONLY, DEBUGGING
 15 .comment      00000033  00000000  00000000  00015e92  2**0
                  CONTENTS, READONLY
 16 .debug_frame  00000c80  00000000  00000000  00015ec8  2**2
                  CONTENTS, READONLY, DEBUGGING
 17 .debug_loc    000026ec  00000000  00000000  00016b48  2**0
                  CONTENTS, READONLY, DEBUGGING
SYMBOL TABLE:
00000000 l    d  .init	00000000 .init
00000004 l    d  .vector	00000000 .vector
000001c0 l    d  .text	00000000 .text
00000e98 l    d  .fini	00000000 .fini
20000000 l    d  .dalign	00000000 .dalign
00000e98 l    d  .dlalign	00000000 .dlalign
20000000 l    d  .data	00000000 .data
20000028 l    d  .bss	00000000 .bss
2000f800 l    d  .stack	00000000 .stack
00000000 l    d  .debug_info	00000000 .debug_info
00000000 l    d  .debug_abbrev	00000000 .debug_abbrev
00000000 l    d  .debug_aranges	00000000 .debug_aranges
00000000 l    d  .debug_ranges	00000000 .debug_ranges
00000000 l    d  .debug_line	00000000 .debug_line
00000000 l    d  .debug_str	00000000 .debug_str
00000000 l    d  .comment	00000000 .comment
00000000 l    d  .debug_frame	00000000 .debug_frame
00000000 l    d  .debug_loc	00000000 .debug_loc
00000000 l    df *ABS*	00000000 ./Startup/startup_ch32v30x_D8C.o
00000004 l       .vector	00000000 _vector_base
00000000 l    df *ABS*	00000000 ch32v30x_it.c
00000000 l    df *ABS*	00000000 main.c
00000000 l    df *ABS*	00000000 system_ch32v30x.c
00000000 l    df *ABS*	00000000 ch32v30x_gpio.c
00000000 l    df *ABS*	00000000 ch32v30x_i2c.c
00000000 l    df *ABS*	00000000 ch32v30x_misc.c
00000000 l    df *ABS*	00000000 ch32v30x_rcc.c
20000010 l     O .data	00000010 APBAHBPrescTable
20000024 l     O .data	00000004 ADCPrescTable
00000000 l    df *ABS*	00000000 ch32v30x_usart.c
00000000 l    df *ABS*	00000000 ES8388.c
00000000 l    df *ABS*	00000000 beep.c
00000000 l    df *ABS*	00000000 led.c
00000000 l    df *ABS*	00000000 debug.c
2000002c l     O .bss	00000002 p_ms
2000002e l     O .bss	00000001 p_us
000004a0  w      .text	00000000 EXTI2_IRQHandler
000004a0  w      .text	00000000 TIM8_TRG_COM_IRQHandler
000004a0  w      .text	00000000 TIM8_CC_IRQHandler
000004a0  w      .text	00000000 UART8_IRQHandler
00000d3e g     F .text	00000034 ES8388_close
20000820 g       .data	00000000 __global_pointer$
000001c8 g     F .text	00000028 .hidden __riscv_save_8
000004a0  w      .text	00000000 TIM1_CC_IRQHandler
00000222 g     F .text	00000002 HardFault_Handler
00000214 g     F .text	0000000c .hidden __riscv_restore_3
000004a0  w      .text	00000000 TIM6_IRQHandler
000004a0  w      .text	00000000 SysTick_Handler
000004a0  w      .text	00000000 PVD_IRQHandler
000004a0  w      .text	00000000 SDIO_IRQHandler
000004a0  w      .text	00000000 TIM9_BRK_IRQHandler
00000c00 g     F .text	0000013e ES8388_Init
00000200 g     F .text	00000020 .hidden __riscv_restore_10
000004a0  w      .text	00000000 DMA2_Channel8_IRQHandler
00000220 g     F .text	00000002 NMI_Handler
000004a0  w      .text	00000000 CAN2_RX1_IRQHandler
000004a0  w      .text	00000000 EXTI3_IRQHandler
000001c8 g     F .text	00000028 .hidden __riscv_save_11
000004a0  w      .text	00000000 USBHS_IRQHandler
000004a0  w      .text	00000000 DMA2_Channel9_IRQHandler
000004a0  w      .text	00000000 TIM10_CC_IRQHandler
20000028 g       .bss	00000000 _sbss
00000800 g       *ABS*	00000000 __stack_size
00000e44 g     F .text	00000054 USART_Printf_Init
000004a0  w      .text	00000000 USBFS_IRQHandler
00000214 g     F .text	0000000c .hidden __riscv_restore_2
000005f4 g     F .text	000000d6 GPIO_PinRemapConfig
000004a0  w      .text	00000000 EXTI0_IRQHandler
000004a0  w      .text	00000000 I2C2_EV_IRQHandler
000004a0  w      .text	00000000 TIM10_TRG_COM_IRQHandler
20000020 g     O .data	00000004 SystemCoreClock
00000004 g       .init	00000000 _einit
000009ec g     F .text	0000001e RCC_APB2PeriphClockCmd
000001c0 g     F .text	00000030 .hidden __riscv_save_12
000004a0  w      .text	00000000 CAN2_SCE_IRQHandler
000004a0  w      .text	00000000 ADC1_2_IRQHandler
0000052c g     F .text	000000c0 GPIO_Init
000004a0  w      .text	00000000 Break_Point_Handler
00000200 g     F .text	00000020 .hidden __riscv_restore_11
20000028 g     O .bss	00000004 NVIC_Priority_Group
000004a0  w      .text	00000000 SPI1_IRQHandler
00000ab6 g     F .text	00000016 USART_Cmd
000001f0 g     F .text	0000000c .hidden __riscv_save_1
000004a0  w      .text	00000000 TAMPER_IRQHandler
00000d9e g     F .text	00000046 LED_Init
00000214 g     F .text	0000000c .hidden __riscv_restore_0
000001d6 g     F .text	0000001a .hidden __riscv_save_7
000004a0  w      .text	00000000 CAN2_RX0_IRQHandler
000004a0  w      .text	00000000 TIM8_UP_IRQHandler
00000a0a g     F .text	0000001e RCC_APB1PeriphClockCmd
000004a0  w      .text	00000000 Ecall_M_Mode_Handler
2000f800 g       .stack	00000000 _heap_end
0000020a g     F .text	00000016 .hidden __riscv_restore_5
000004a0  w      .text	00000000 DMA2_Channel2_IRQHandler
000004a0  w      .text	00000000 DMA1_Channel4_IRQHandler
00000812 g     F .text	00000004 I2C_SendData
00000acc g     F .text	00000026 ES8388_Contrl_Init
000006ca g     F .text	000000fc I2C_Init
000004a0  w      .text	00000000 TIM9_UP_IRQHandler
0000020a g     F .text	00000016 .hidden __riscv_restore_6
000004a0  w      .text	00000000 USART3_IRQHandler
000004a0  w      .text	00000000 RTC_IRQHandler
20000030 g       .bss	00000000 _ebss
000004a0  w      .text	00000000 DMA1_Channel7_IRQHandler
000004a0  w      .text	00000000 CAN1_RX1_IRQHandler
00000de4 g     F .text	0000002a Delay_Init
000004a0  w      .text	00000000 DVP_IRQHandler
000004a0  w      .text	00000000 UART5_IRQHandler
000005ec g     F .text	00000004 GPIO_SetBits
000004a0  w      .text	00000000 TIM4_IRQHandler
000001c8 g     F .text	00000028 .hidden __riscv_save_9
000004a0  w      .text	00000000 DMA2_Channel1_IRQHandler
000007de g     F .text	0000001a I2C_GenerateSTART
000001d6 g     F .text	0000001a .hidden __riscv_save_4
000004a0  w      .text	00000000 I2C1_EV_IRQHandler
00000876 g     F .text	00000176 RCC_GetClocksFreq
000004a0  w      .text	00000000 DMA1_Channel6_IRQHandler
000004a0  w      .text	00000000 UART4_IRQHandler
000004a0  w      .text	00000000 DMA2_Channel4_IRQHandler
00000a28 g     F .text	0000008e USART_Init
000004a0  w      .text	00000000 TIM3_IRQHandler
000004a0  w      .text	00000000 RCC_IRQHandler
000001f0 g     F .text	0000000c .hidden __riscv_save_3
000004a0  w      .text	00000000 TIM1_TRG_COM_IRQHandler
000004a0  w      .text	00000000 DMA1_Channel1_IRQHandler
00000000 g       .init	00000000 _start
000004a0  w      .text	00000000 DMA2_Channel7_IRQHandler
20000000 g     O .data	00000010 AHBPrescTable
0000083e g     F .text	00000032 I2C_GetFlagStatus
000004a0  w      .text	00000000 EXTI15_10_IRQHandler
000007c6 g     F .text	00000018 I2C_Cmd
000005f0 g     F .text	00000004 GPIO_ResetBits
000004a0  w      .text	00000000 TIM7_IRQHandler
000004a0  w      .text	00000000 CAN2_TX_IRQHandler
20000000 g       .dalign	00000000 _data_vma
000004a0  w      .text	00000000 TIM5_IRQHandler
000004a0  w      .text	00000000 EXTI9_5_IRQHandler
000001c8 g     F .text	00000028 .hidden __riscv_save_10
00000816 g     F .text	00000012 I2C_Send7bitAddress
000004a0  w      .text	00000000 ETH_WKUP_IRQHandler
0000020a g     F .text	00000016 .hidden __riscv_restore_4
00000200 g     F .text	00000020 .hidden __riscv_restore_8
000001d6 g     F .text	0000001a .hidden __riscv_save_6
000004a0  w      .text	00000000 SPI2_IRQHandler
00000200 g     F .text	00000020 .hidden __riscv_restore_9
0000020a g     F .text	00000016 .hidden __riscv_restore_7
00000224 g     F .text	00000054 main
000004a0  w      .text	00000000 TIM10_BRK_IRQHandler
000004a0  w      .text	00000000 TIM9_CC_IRQHandler
000004a0  w      .text	00000000 DMA2_Channel5_IRQHandler
000004a0  w      .text	00000000 DMA1_Channel5_IRQHandler
000004a0  w      .text	00000000 EXTI4_IRQHandler
00000e0e g     F .text	00000036 Delay_Ms
000004a0  w      .text	00000000 USB_LP_CAN1_RX0_IRQHandler
00000278 g     F .text	000000fa SystemInit
000004a0  w      .text	00000000 RNG_IRQHandler
000004a0  w      .text	00000000 USB_HP_CAN1_TX_IRQHandler
00000000 g       .init	00000000 _sinit
000004a0  w      .text	00000000 DMA1_Channel3_IRQHandler
000004a0  w      .text	00000000 ETH_IRQHandler
000004a0  w      .text	00000000 TIM1_UP_IRQHandler
000004a0  w      .text	00000000 WWDG_IRQHandler
000004a0  w      .text	00000000 USBHSWakeup_IRQHandler
000004a0  w      .text	00000000 DMA2_Channel11_IRQHandler
000004a0  w      .text	00000000 Ecall_U_Mode_Handler
000004a0  w      .text	00000000 DMA2_Channel6_IRQHandler
000004a0  w      .text	00000000 TIM2_IRQHandler
20010000 g       .stack	00000000 _eusrstack
00000b18 g     F .text	000000e8 ES8388_Write_Reg
000001f0 g     F .text	0000000c .hidden __riscv_save_2
000004a0  w      .text	00000000 SW_Handler
000004a0  w      .text	00000000 TIM1_BRK_IRQHandler
000004a0  w      .text	00000000 DMA2_Channel10_IRQHandler
000004a0  w      .text	00000000 EXTI1_IRQHandler
000001d6 g     F .text	0000001a .hidden __riscv_save_5
00000af2 g     F .text	00000026 ES8388_WaitEvent
20000028 g       .data	00000000 _edata
20000030 g       .bss	00000000 _end
000004a0  w      .text	00000000 RTCAlarm_IRQHandler
00000e98 g       .dlalign	00000000 _data_lma
000004a0  w      .text	00000000 TIM10_UP_IRQHandler
000004a0  w      .text	00000000 TIM9_TRG_COM_IRQHandler
000004a0  w      .text	00000000 UART7_IRQHandler
000004a0  w      .text	00000000 USART2_IRQHandler
000004a0  w      .text	00000000 UART6_IRQHandler
00000372 g     F .text	0000012e SystemCoreClockUpdate
000004a0  w      .text	00000000 I2C2_ER_IRQHandler
000004a0  w      .text	00000000 DMA1_Channel2_IRQHandler
000001fc g     F .text	00000024 .hidden __riscv_restore_12
000004a0  w      .text	00000000 TIM8_BRK_IRQHandler
000004a2  w      .text	00000000 handle_reset
000004a0  w      .text	00000000 CAN1_SCE_IRQHandler
000001f0 g     F .text	0000000c .hidden __riscv_save_0
000004a0  w      .text	00000000 FLASH_IRQHandler
000004a0  w      .text	00000000 USART1_IRQHandler
000004a0  w      .text	00000000 SPI3_IRQHandler
00000828 g     F .text	00000016 I2C_CheckEvent
000007f8 g     F .text	0000001a I2C_GenerateSTOP
000004a0  w      .text	00000000 I2C1_ER_IRQHandler
00000870 g     F .text	00000006 NVIC_PriorityGroupConfig
00000214 g     F .text	0000000c .hidden __riscv_restore_1
00000d72 g     F .text	0000002c BEEP_Init
000004a0  w      .text	00000000 USBWakeUp_IRQHandler
000004a0  w      .text	00000000 DMA2_Channel3_IRQHandler



Disassembly of section .init:

00000000 <_sinit>:
   0:	4a20006f          	j	4a2 <handle_reset>

Disassembly of section .vector:

00000004 <_vector_base>:
	...
   c:	0220                	addi	s0,sp,264
   e:	0000                	unimp
  10:	0222                	slli	tp,tp,0x8
  12:	0000                	unimp
  14:	0000                	unimp
  16:	0000                	unimp
  18:	04a0                	addi	s0,sp,584
	...
  22:	0000                	unimp
  24:	04a0                	addi	s0,sp,584
  26:	0000                	unimp
  28:	04a0                	addi	s0,sp,584
	...
  32:	0000                	unimp
  34:	04a0                	addi	s0,sp,584
  36:	0000                	unimp
  38:	0000                	unimp
  3a:	0000                	unimp
  3c:	04a0                	addi	s0,sp,584
  3e:	0000                	unimp
  40:	0000                	unimp
  42:	0000                	unimp
  44:	04a0                	addi	s0,sp,584
  46:	0000                	unimp
  48:	04a0                	addi	s0,sp,584
  4a:	0000                	unimp
  4c:	04a0                	addi	s0,sp,584
  4e:	0000                	unimp
  50:	04a0                	addi	s0,sp,584
  52:	0000                	unimp
  54:	04a0                	addi	s0,sp,584
  56:	0000                	unimp
  58:	04a0                	addi	s0,sp,584
  5a:	0000                	unimp
  5c:	04a0                	addi	s0,sp,584
  5e:	0000                	unimp
  60:	04a0                	addi	s0,sp,584
  62:	0000                	unimp
  64:	04a0                	addi	s0,sp,584
  66:	0000                	unimp
  68:	04a0                	addi	s0,sp,584
  6a:	0000                	unimp
  6c:	04a0                	addi	s0,sp,584
  6e:	0000                	unimp
  70:	04a0                	addi	s0,sp,584
  72:	0000                	unimp
  74:	04a0                	addi	s0,sp,584
  76:	0000                	unimp
  78:	04a0                	addi	s0,sp,584
  7a:	0000                	unimp
  7c:	04a0                	addi	s0,sp,584
  7e:	0000                	unimp
  80:	04a0                	addi	s0,sp,584
  82:	0000                	unimp
  84:	04a0                	addi	s0,sp,584
  86:	0000                	unimp
  88:	04a0                	addi	s0,sp,584
  8a:	0000                	unimp
  8c:	04a0                	addi	s0,sp,584
  8e:	0000                	unimp
  90:	04a0                	addi	s0,sp,584
  92:	0000                	unimp
  94:	04a0                	addi	s0,sp,584
  96:	0000                	unimp
  98:	04a0                	addi	s0,sp,584
  9a:	0000                	unimp
  9c:	04a0                	addi	s0,sp,584
  9e:	0000                	unimp
  a0:	04a0                	addi	s0,sp,584
  a2:	0000                	unimp
  a4:	04a0                	addi	s0,sp,584
  a6:	0000                	unimp
  a8:	04a0                	addi	s0,sp,584
  aa:	0000                	unimp
  ac:	04a0                	addi	s0,sp,584
  ae:	0000                	unimp
  b0:	04a0                	addi	s0,sp,584
  b2:	0000                	unimp
  b4:	04a0                	addi	s0,sp,584
  b6:	0000                	unimp
  b8:	04a0                	addi	s0,sp,584
  ba:	0000                	unimp
  bc:	04a0                	addi	s0,sp,584
  be:	0000                	unimp
  c0:	04a0                	addi	s0,sp,584
  c2:	0000                	unimp
  c4:	04a0                	addi	s0,sp,584
  c6:	0000                	unimp
  c8:	04a0                	addi	s0,sp,584
  ca:	0000                	unimp
  cc:	04a0                	addi	s0,sp,584
  ce:	0000                	unimp
  d0:	04a0                	addi	s0,sp,584
  d2:	0000                	unimp
  d4:	04a0                	addi	s0,sp,584
  d6:	0000                	unimp
  d8:	04a0                	addi	s0,sp,584
  da:	0000                	unimp
  dc:	04a0                	addi	s0,sp,584
  de:	0000                	unimp
  e0:	04a0                	addi	s0,sp,584
  e2:	0000                	unimp
  e4:	04a0                	addi	s0,sp,584
  e6:	0000                	unimp
  e8:	04a0                	addi	s0,sp,584
  ea:	0000                	unimp
  ec:	04a0                	addi	s0,sp,584
  ee:	0000                	unimp
  f0:	04a0                	addi	s0,sp,584
  f2:	0000                	unimp
  f4:	04a0                	addi	s0,sp,584
  f6:	0000                	unimp
  f8:	04a0                	addi	s0,sp,584
  fa:	0000                	unimp
  fc:	04a0                	addi	s0,sp,584
  fe:	0000                	unimp
 100:	04a0                	addi	s0,sp,584
 102:	0000                	unimp
 104:	0000                	unimp
 106:	0000                	unimp
 108:	04a0                	addi	s0,sp,584
 10a:	0000                	unimp
 10c:	04a0                	addi	s0,sp,584
 10e:	0000                	unimp
 110:	04a0                	addi	s0,sp,584
 112:	0000                	unimp
 114:	04a0                	addi	s0,sp,584
 116:	0000                	unimp
 118:	04a0                	addi	s0,sp,584
 11a:	0000                	unimp
 11c:	04a0                	addi	s0,sp,584
 11e:	0000                	unimp
 120:	04a0                	addi	s0,sp,584
 122:	0000                	unimp
 124:	04a0                	addi	s0,sp,584
 126:	0000                	unimp
 128:	04a0                	addi	s0,sp,584
 12a:	0000                	unimp
 12c:	04a0                	addi	s0,sp,584
 12e:	0000                	unimp
 130:	04a0                	addi	s0,sp,584
 132:	0000                	unimp
 134:	04a0                	addi	s0,sp,584
 136:	0000                	unimp
 138:	04a0                	addi	s0,sp,584
 13a:	0000                	unimp
 13c:	04a0                	addi	s0,sp,584
 13e:	0000                	unimp
 140:	04a0                	addi	s0,sp,584
 142:	0000                	unimp
 144:	04a0                	addi	s0,sp,584
 146:	0000                	unimp
 148:	04a0                	addi	s0,sp,584
 14a:	0000                	unimp
 14c:	04a0                	addi	s0,sp,584
 14e:	0000                	unimp
 150:	04a0                	addi	s0,sp,584
 152:	0000                	unimp
 154:	04a0                	addi	s0,sp,584
 156:	0000                	unimp
 158:	04a0                	addi	s0,sp,584
 15a:	0000                	unimp
 15c:	04a0                	addi	s0,sp,584
 15e:	0000                	unimp
 160:	04a0                	addi	s0,sp,584
 162:	0000                	unimp
 164:	04a0                	addi	s0,sp,584
 166:	0000                	unimp
 168:	04a0                	addi	s0,sp,584
 16a:	0000                	unimp
 16c:	04a0                	addi	s0,sp,584
 16e:	0000                	unimp
 170:	04a0                	addi	s0,sp,584
 172:	0000                	unimp
 174:	04a0                	addi	s0,sp,584
 176:	0000                	unimp
 178:	04a0                	addi	s0,sp,584
 17a:	0000                	unimp
 17c:	04a0                	addi	s0,sp,584
 17e:	0000                	unimp
 180:	04a0                	addi	s0,sp,584
 182:	0000                	unimp
 184:	04a0                	addi	s0,sp,584
 186:	0000                	unimp
 188:	04a0                	addi	s0,sp,584
 18a:	0000                	unimp
 18c:	04a0                	addi	s0,sp,584
 18e:	0000                	unimp
 190:	04a0                	addi	s0,sp,584
 192:	0000                	unimp
 194:	04a0                	addi	s0,sp,584
 196:	0000                	unimp
 198:	04a0                	addi	s0,sp,584
 19a:	0000                	unimp
 19c:	04a0                	addi	s0,sp,584
 19e:	0000                	unimp
 1a0:	04a0                	addi	s0,sp,584
	...

Disassembly of section .text:

000001c0 <__riscv_save_12>:
 1c0:	7139                	addi	sp,sp,-64
 1c2:	4301                	li	t1,0
 1c4:	c66e                	sw	s11,12(sp)
 1c6:	a019                	j	1cc <__riscv_save_10+0x4>

000001c8 <__riscv_save_10>:
 1c8:	7139                	addi	sp,sp,-64
 1ca:	5341                	li	t1,-16
 1cc:	c86a                	sw	s10,16(sp)
 1ce:	ca66                	sw	s9,20(sp)
 1d0:	cc62                	sw	s8,24(sp)
 1d2:	ce5e                	sw	s7,28(sp)
 1d4:	a019                	j	1da <__riscv_save_4+0x4>

000001d6 <__riscv_save_4>:
 1d6:	7139                	addi	sp,sp,-64
 1d8:	5301                	li	t1,-32
 1da:	d05a                	sw	s6,32(sp)
 1dc:	d256                	sw	s5,36(sp)
 1de:	d452                	sw	s4,40(sp)
 1e0:	d64e                	sw	s3,44(sp)
 1e2:	d84a                	sw	s2,48(sp)
 1e4:	da26                	sw	s1,52(sp)
 1e6:	dc22                	sw	s0,56(sp)
 1e8:	de06                	sw	ra,60(sp)
 1ea:	40610133          	sub	sp,sp,t1
 1ee:	8282                	jr	t0

000001f0 <__riscv_save_0>:
 1f0:	1141                	addi	sp,sp,-16
 1f2:	c04a                	sw	s2,0(sp)
 1f4:	c226                	sw	s1,4(sp)
 1f6:	c422                	sw	s0,8(sp)
 1f8:	c606                	sw	ra,12(sp)
 1fa:	8282                	jr	t0

000001fc <__riscv_restore_12>:
 1fc:	4db2                	lw	s11,12(sp)
 1fe:	0141                	addi	sp,sp,16

00000200 <__riscv_restore_10>:
 200:	4d02                	lw	s10,0(sp)
 202:	4c92                	lw	s9,4(sp)
 204:	4c22                	lw	s8,8(sp)
 206:	4bb2                	lw	s7,12(sp)
 208:	0141                	addi	sp,sp,16

0000020a <__riscv_restore_4>:
 20a:	4b02                	lw	s6,0(sp)
 20c:	4a92                	lw	s5,4(sp)
 20e:	4a22                	lw	s4,8(sp)
 210:	49b2                	lw	s3,12(sp)
 212:	0141                	addi	sp,sp,16

00000214 <__riscv_restore_0>:
 214:	4902                	lw	s2,0(sp)
 216:	4492                	lw	s1,4(sp)
 218:	4422                	lw	s0,8(sp)
 21a:	40b2                	lw	ra,12(sp)
 21c:	0141                	addi	sp,sp,16
 21e:	8082                	ret

00000220 <NMI_Handler>:
 220:	a001                	j	220 <NMI_Handler>

00000222 <HardFault_Handler>:
 222:	a001                	j	222 <HardFault_Handler>

00000224 <main>:
 224:	fcdff2ef          	jal	t0,1f0 <__riscv_save_0>
 228:	22a9                	jal	372 <SystemCoreClockUpdate>
 22a:	4509                	li	a0,2
 22c:	2591                	jal	870 <NVIC_PriorityGroupConfig>
 22e:	3b7000ef          	jal	ra,de4 <Delay_Init>
 232:	6571                	lui	a0,0x1c
 234:	20050513          	addi	a0,a0,512 # 1c200 <_data_lma+0x1b368>
 238:	40d000ef          	jal	ra,e44 <USART_Printf_Init>
 23c:	337000ef          	jal	ra,d72 <BEEP_Init>
 240:	35f000ef          	jal	ra,d9e <LED_Init>
 244:	2fb000ef          	jal	ra,d3e <ES8388_close>
 248:	4589                	li	a1,2
 24a:	40011537          	lui	a0,0x40011
 24e:	400114b7          	lui	s1,0x40011
 252:	6405                	lui	s0,0x1
 254:	2e71                	jal	5f0 <GPIO_ResetBits>
 256:	80048493          	addi	s1,s1,-2048 # 40010800 <_eusrstack+0x20000800>
 25a:	bb840413          	addi	s0,s0,-1096 # bb8 <ES8388_Write_Reg+0xa0>
 25e:	45c1                	li	a1,16
 260:	8526                	mv	a0,s1
 262:	2669                	jal	5ec <GPIO_SetBits>
 264:	8522                	mv	a0,s0
 266:	3a9000ef          	jal	ra,e0e <Delay_Ms>
 26a:	8526                	mv	a0,s1
 26c:	45c1                	li	a1,16
 26e:	2649                	jal	5f0 <GPIO_ResetBits>
 270:	8522                	mv	a0,s0
 272:	39d000ef          	jal	ra,e0e <Delay_Ms>
 276:	b7e5                	j	25e <main+0x3a>

00000278 <SystemInit>:
 278:	400217b7          	lui	a5,0x40021
 27c:	4398                	lw	a4,0(a5)
 27e:	f0ff06b7          	lui	a3,0xf0ff0
 282:	1141                	addi	sp,sp,-16
 284:	00176713          	ori	a4,a4,1
 288:	c398                	sw	a4,0(a5)
 28a:	43d8                	lw	a4,4(a5)
 28c:	00020637          	lui	a2,0x20
 290:	8f75                	and	a4,a4,a3
 292:	c3d8                	sw	a4,4(a5)
 294:	4398                	lw	a4,0(a5)
 296:	fef706b7          	lui	a3,0xfef70
 29a:	16fd                	addi	a3,a3,-1
 29c:	8f75                	and	a4,a4,a3
 29e:	c398                	sw	a4,0(a5)
 2a0:	4398                	lw	a4,0(a5)
 2a2:	fffc06b7          	lui	a3,0xfffc0
 2a6:	16fd                	addi	a3,a3,-1
 2a8:	8f75                	and	a4,a4,a3
 2aa:	c398                	sw	a4,0(a5)
 2ac:	43d8                	lw	a4,4(a5)
 2ae:	ff0106b7          	lui	a3,0xff010
 2b2:	16fd                	addi	a3,a3,-1
 2b4:	8f75                	and	a4,a4,a3
 2b6:	c3d8                	sw	a4,4(a5)
 2b8:	4398                	lw	a4,0(a5)
 2ba:	ec0006b7          	lui	a3,0xec000
 2be:	16fd                	addi	a3,a3,-1
 2c0:	8f75                	and	a4,a4,a3
 2c2:	c398                	sw	a4,0(a5)
 2c4:	00ff0737          	lui	a4,0xff0
 2c8:	c798                	sw	a4,8(a5)
 2ca:	0207a623          	sw	zero,44(a5) # 4002102c <_eusrstack+0x2001102c>
 2ce:	c402                	sw	zero,8(sp)
 2d0:	c602                	sw	zero,12(sp)
 2d2:	4398                	lw	a4,0(a5)
 2d4:	66c1                	lui	a3,0x10
 2d6:	8f55                	or	a4,a4,a3
 2d8:	c398                	sw	a4,0(a5)
 2da:	400216b7          	lui	a3,0x40021
 2de:	6711                	lui	a4,0x4
 2e0:	429c                	lw	a5,0(a3)
 2e2:	8ff1                	and	a5,a5,a2
 2e4:	c63e                	sw	a5,12(sp)
 2e6:	47a2                	lw	a5,8(sp)
 2e8:	0785                	addi	a5,a5,1
 2ea:	c43e                	sw	a5,8(sp)
 2ec:	47b2                	lw	a5,12(sp)
 2ee:	e781                	bnez	a5,2f6 <SystemInit+0x7e>
 2f0:	47a2                	lw	a5,8(sp)
 2f2:	fee797e3          	bne	a5,a4,2e0 <SystemInit+0x68>
 2f6:	400217b7          	lui	a5,0x40021
 2fa:	439c                	lw	a5,0(a5)
 2fc:	00e79713          	slli	a4,a5,0xe
 300:	06075763          	bgez	a4,36e <SystemInit+0xf6>
 304:	4785                	li	a5,1
 306:	c63e                	sw	a5,12(sp)
 308:	4732                	lw	a4,12(sp)
 30a:	4785                	li	a5,1
 30c:	04f71f63          	bne	a4,a5,36a <SystemInit+0xf2>
 310:	400217b7          	lui	a5,0x40021
 314:	43d8                	lw	a4,4(a5)
 316:	ffc106b7          	lui	a3,0xffc10
 31a:	16fd                	addi	a3,a3,-1
 31c:	c3d8                	sw	a4,4(a5)
 31e:	43d8                	lw	a4,4(a5)
 320:	c3d8                	sw	a4,4(a5)
 322:	43d8                	lw	a4,4(a5)
 324:	40076713          	ori	a4,a4,1024
 328:	c3d8                	sw	a4,4(a5)
 32a:	43d8                	lw	a4,4(a5)
 32c:	8f75                	and	a4,a4,a3
 32e:	c3d8                	sw	a4,4(a5)
 330:	43d8                	lw	a4,4(a5)
 332:	001d06b7          	lui	a3,0x1d0
 336:	8f55                	or	a4,a4,a3
 338:	c3d8                	sw	a4,4(a5)
 33a:	4398                	lw	a4,0(a5)
 33c:	010006b7          	lui	a3,0x1000
 340:	8f55                	or	a4,a4,a3
 342:	c398                	sw	a4,0(a5)
 344:	4398                	lw	a4,0(a5)
 346:	00671693          	slli	a3,a4,0x6
 34a:	fe06dde3          	bgez	a3,344 <SystemInit+0xcc>
 34e:	43d8                	lw	a4,4(a5)
 350:	400216b7          	lui	a3,0x40021
 354:	9b71                	andi	a4,a4,-4
 356:	c3d8                	sw	a4,4(a5)
 358:	43d8                	lw	a4,4(a5)
 35a:	00276713          	ori	a4,a4,2
 35e:	c3d8                	sw	a4,4(a5)
 360:	4721                	li	a4,8
 362:	42dc                	lw	a5,4(a3)
 364:	8bb1                	andi	a5,a5,12
 366:	fee79ee3          	bne	a5,a4,362 <SystemInit+0xea>
 36a:	0141                	addi	sp,sp,16
 36c:	8082                	ret
 36e:	c602                	sw	zero,12(sp)
 370:	bf61                	j	308 <SystemInit+0x90>

00000372 <SystemCoreClockUpdate>:
 372:	400216b7          	lui	a3,0x40021
 376:	42d8                	lw	a4,4(a3)
 378:	200007b7          	lui	a5,0x20000
 37c:	4611                	li	a2,4
 37e:	8b31                	andi	a4,a4,12
 380:	02078793          	addi	a5,a5,32 # 20000020 <SystemCoreClock>
 384:	00c70563          	beq	a4,a2,38e <SystemCoreClockUpdate+0x1c>
 388:	4621                	li	a2,8
 38a:	02c70863          	beq	a4,a2,3ba <SystemCoreClockUpdate+0x48>
 38e:	007a1737          	lui	a4,0x7a1
 392:	20070713          	addi	a4,a4,512 # 7a1200 <_data_lma+0x7a0368>
 396:	c398                	sw	a4,0(a5)
 398:	40021737          	lui	a4,0x40021
 39c:	4358                	lw	a4,4(a4)
 39e:	8311                	srli	a4,a4,0x4
 3a0:	00f77693          	andi	a3,a4,15
 3a4:	20000737          	lui	a4,0x20000
 3a8:	00070713          	mv	a4,a4
 3ac:	9736                	add	a4,a4,a3
 3ae:	2314                	lbu	a3,0(a4)
 3b0:	4398                	lw	a4,0(a5)
 3b2:	00d75733          	srl	a4,a4,a3
 3b6:	c398                	sw	a4,0(a5)
 3b8:	8082                	ret
 3ba:	42d8                	lw	a4,4(a3)
 3bc:	42d4                	lw	a3,4(a3)
 3be:	6641                	lui	a2,0x10
 3c0:	8349                	srli	a4,a4,0x12
 3c2:	8b3d                	andi	a4,a4,15
 3c4:	8ef1                	and	a3,a3,a2
 3c6:	00270613          	addi	a2,a4,2 # 20000002 <_data_vma+0x2>
 3ca:	cf15                	beqz	a4,406 <SystemCoreClockUpdate+0x94>
 3cc:	473d                	li	a4,15
 3ce:	02e60f63          	beq	a2,a4,40c <SystemCoreClockUpdate+0x9a>
 3d2:	4741                	li	a4,16
 3d4:	02e60f63          	beq	a2,a4,412 <SystemCoreClockUpdate+0xa0>
 3d8:	4745                	li	a4,17
 3da:	4581                	li	a1,0
 3dc:	00e61363          	bne	a2,a4,3e2 <SystemCoreClockUpdate+0x70>
 3e0:	4641                	li	a2,16
 3e2:	e2a1                	bnez	a3,422 <SystemCoreClockUpdate+0xb0>
 3e4:	40024737          	lui	a4,0x40024
 3e8:	80072703          	lw	a4,-2048(a4) # 40023800 <_eusrstack+0x20013800>
 3ec:	8b41                	andi	a4,a4,16
 3ee:	c70d                	beqz	a4,418 <SystemCoreClockUpdate+0xa6>
 3f0:	007a1737          	lui	a4,0x7a1
 3f4:	20070713          	addi	a4,a4,512 # 7a1200 <_data_lma+0x7a0368>
 3f8:	02c70633          	mul	a2,a4,a2
 3fc:	c390                	sw	a2,0(a5)
 3fe:	ddc9                	beqz	a1,398 <SystemCoreClockUpdate+0x26>
 400:	4398                	lw	a4,0(a5)
 402:	8305                	srli	a4,a4,0x1
 404:	bf49                	j	396 <SystemCoreClockUpdate+0x24>
 406:	4581                	li	a1,0
 408:	4649                	li	a2,18
 40a:	bfe1                	j	3e2 <SystemCoreClockUpdate+0x70>
 40c:	4585                	li	a1,1
 40e:	4635                	li	a2,13
 410:	bfc9                	j	3e2 <SystemCoreClockUpdate+0x70>
 412:	4581                	li	a1,0
 414:	463d                	li	a2,15
 416:	b7f1                	j	3e2 <SystemCoreClockUpdate+0x70>
 418:	003d1737          	lui	a4,0x3d1
 41c:	90070713          	addi	a4,a4,-1792 # 3d0900 <_data_lma+0x3cfa68>
 420:	bfe1                	j	3f8 <SystemCoreClockUpdate+0x86>
 422:	40021537          	lui	a0,0x40021
 426:	5558                	lw	a4,44(a0)
 428:	00f71693          	slli	a3,a4,0xf
 42c:	5558                	lw	a4,44(a0)
 42e:	0406df63          	bgez	a3,48c <SystemCoreClockUpdate+0x11a>
 432:	8311                	srli	a4,a4,0x4
 434:	8b3d                	andi	a4,a4,15
 436:	00170693          	addi	a3,a4,1
 43a:	007a1737          	lui	a4,0x7a1
 43e:	20070713          	addi	a4,a4,512 # 7a1200 <_data_lma+0x7a0368>
 442:	02d75733          	divu	a4,a4,a3
 446:	c398                	sw	a4,0(a5)
 448:	5554                	lw	a3,44(a0)
 44a:	82a1                	srli	a3,a3,0x8
 44c:	8abd                	andi	a3,a3,15
 44e:	e28d                	bnez	a3,470 <SystemCoreClockUpdate+0xfe>
 450:	4695                	li	a3,5
 452:	02d70733          	mul	a4,a4,a3
 456:	8305                	srli	a4,a4,0x1
 458:	c398                	sw	a4,0(a5)
 45a:	40021737          	lui	a4,0x40021
 45e:	5758                	lw	a4,44(a4)
 460:	4394                	lw	a3,0(a5)
 462:	8b3d                	andi	a4,a4,15
 464:	0705                	addi	a4,a4,1
 466:	02e6d733          	divu	a4,a3,a4
 46a:	c398                	sw	a4,0(a5)
 46c:	4398                	lw	a4,0(a5)
 46e:	b769                	j	3f8 <SystemCoreClockUpdate+0x86>
 470:	4505                	li	a0,1
 472:	00a69463          	bne	a3,a0,47a <SystemCoreClockUpdate+0x108>
 476:	46e5                	li	a3,25
 478:	bfe9                	j	452 <SystemCoreClockUpdate+0xe0>
 47a:	453d                	li	a0,15
 47c:	00a69663          	bne	a3,a0,488 <SystemCoreClockUpdate+0x116>
 480:	46d1                	li	a3,20
 482:	02e68733          	mul	a4,a3,a4
 486:	bfc9                	j	458 <SystemCoreClockUpdate+0xe6>
 488:	0689                	addi	a3,a3,2
 48a:	bfe5                	j	482 <SystemCoreClockUpdate+0x110>
 48c:	8b3d                	andi	a4,a4,15
 48e:	00170693          	addi	a3,a4,1 # 40021001 <_eusrstack+0x20011001>
 492:	007a1737          	lui	a4,0x7a1
 496:	20070713          	addi	a4,a4,512 # 7a1200 <_data_lma+0x7a0368>
 49a:	02d75733          	divu	a4,a4,a3
 49e:	b7f1                	j	46a <SystemCoreClockUpdate+0xf8>

000004a0 <ADC1_2_IRQHandler>:
 4a0:	a001                	j	4a0 <ADC1_2_IRQHandler>

000004a2 <handle_reset>:
 4a2:	20000197          	auipc	gp,0x20000
 4a6:	37e18193          	addi	gp,gp,894 # 20000820 <__global_pointer$>
 4aa:	20010117          	auipc	sp,0x20010
 4ae:	b5610113          	addi	sp,sp,-1194 # 20010000 <_eusrstack>
 4b2:	00001517          	auipc	a0,0x1
 4b6:	9e650513          	addi	a0,a0,-1562 # e98 <_data_lma>
 4ba:	20000597          	auipc	a1,0x20000
 4be:	b4658593          	addi	a1,a1,-1210 # 20000000 <_data_vma>
 4c2:	80818613          	addi	a2,gp,-2040 # 20000028 <_edata>
 4c6:	00c5fa63          	bgeu	a1,a2,4da <handle_reset+0x38>
 4ca:	00052283          	lw	t0,0(a0)
 4ce:	0055a023          	sw	t0,0(a1)
 4d2:	0511                	addi	a0,a0,4
 4d4:	0591                	addi	a1,a1,4
 4d6:	fec5eae3          	bltu	a1,a2,4ca <handle_reset+0x28>
 4da:	80818513          	addi	a0,gp,-2040 # 20000028 <_edata>
 4de:	81018593          	addi	a1,gp,-2032 # 20000030 <_ebss>
 4e2:	00b57763          	bgeu	a0,a1,4f0 <handle_reset+0x4e>
 4e6:	00052023          	sw	zero,0(a0)
 4ea:	0511                	addi	a0,a0,4
 4ec:	feb56de3          	bltu	a0,a1,4e6 <handle_reset+0x44>
 4f0:	42fd                	li	t0,31
 4f2:	bc029073          	csrw	0xbc0,t0
 4f6:	42ad                	li	t0,11
 4f8:	80429073          	csrw	0x804,t0
 4fc:	000062b7          	lui	t0,0x6
 500:	08828293          	addi	t0,t0,136 # 6088 <_data_lma+0x51f0>
 504:	30029073          	csrw	mstatus,t0
 508:	00000297          	auipc	t0,0x0
 50c:	afc28293          	addi	t0,t0,-1284 # 4 <_einit>
 510:	0032e293          	ori	t0,t0,3
 514:	30529073          	csrw	mtvec,t0
 518:	d61ff0ef          	jal	ra,278 <SystemInit>
 51c:	00000297          	auipc	t0,0x0
 520:	d0828293          	addi	t0,t0,-760 # 224 <main>
 524:	34129073          	csrw	mepc,t0
 528:	30200073          	mret

0000052c <GPIO_Init>:
 52c:	459c                	lw	a5,8(a1)
 52e:	0107f713          	andi	a4,a5,16
 532:	00f7f813          	andi	a6,a5,15
 536:	c701                	beqz	a4,53e <GPIO_Init+0x12>
 538:	41d8                	lw	a4,4(a1)
 53a:	00e86833          	or	a6,a6,a4
 53e:	218e                	lhu	a1,0(a1)
 540:	0ff5f713          	andi	a4,a1,255
 544:	c339                	beqz	a4,58a <GPIO_Init+0x5e>
 546:	4118                	lw	a4,0(a0)
 548:	4681                	li	a3,0
 54a:	4e85                	li	t4,1
 54c:	4f3d                	li	t5,15
 54e:	02800f93          	li	t6,40
 552:	04800293          	li	t0,72
 556:	4e21                	li	t3,8
 558:	00de9633          	sll	a2,t4,a3
 55c:	00c5f8b3          	and	a7,a1,a2
 560:	03161163          	bne	a2,a7,582 <GPIO_Init+0x56>
 564:	00269893          	slli	a7,a3,0x2
 568:	011f1333          	sll	t1,t5,a7
 56c:	fff34313          	not	t1,t1
 570:	00e37733          	and	a4,t1,a4
 574:	011818b3          	sll	a7,a6,a7
 578:	00e8e733          	or	a4,a7,a4
 57c:	05f79f63          	bne	a5,t6,5da <GPIO_Init+0xae>
 580:	c950                	sw	a2,20(a0)
 582:	0685                	addi	a3,a3,1
 584:	fdc69ae3          	bne	a3,t3,558 <GPIO_Init+0x2c>
 588:	c118                	sw	a4,0(a0)
 58a:	0ff00713          	li	a4,255
 58e:	04b77563          	bgeu	a4,a1,5d8 <GPIO_Init+0xac>
 592:	4154                	lw	a3,4(a0)
 594:	4621                	li	a2,8
 596:	4e85                	li	t4,1
 598:	4f3d                	li	t5,15
 59a:	02800f93          	li	t6,40
 59e:	04800293          	li	t0,72
 5a2:	4e41                	li	t3,16
 5a4:	00ce98b3          	sll	a7,t4,a2
 5a8:	0115f733          	and	a4,a1,a7
 5ac:	02e89263          	bne	a7,a4,5d0 <GPIO_Init+0xa4>
 5b0:	00261713          	slli	a4,a2,0x2
 5b4:	1701                	addi	a4,a4,-32
 5b6:	00ef1333          	sll	t1,t5,a4
 5ba:	fff34313          	not	t1,t1
 5be:	00d376b3          	and	a3,t1,a3
 5c2:	00e81733          	sll	a4,a6,a4
 5c6:	8ed9                	or	a3,a3,a4
 5c8:	01f79d63          	bne	a5,t6,5e2 <GPIO_Init+0xb6>
 5cc:	01152a23          	sw	a7,20(a0)
 5d0:	0605                	addi	a2,a2,1
 5d2:	fdc619e3          	bne	a2,t3,5a4 <GPIO_Init+0x78>
 5d6:	c154                	sw	a3,4(a0)
 5d8:	8082                	ret
 5da:	fa5794e3          	bne	a5,t0,582 <GPIO_Init+0x56>
 5de:	c910                	sw	a2,16(a0)
 5e0:	b74d                	j	582 <GPIO_Init+0x56>
 5e2:	fe5797e3          	bne	a5,t0,5d0 <GPIO_Init+0xa4>
 5e6:	01152823          	sw	a7,16(a0)
 5ea:	b7dd                	j	5d0 <GPIO_Init+0xa4>

000005ec <GPIO_SetBits>:
 5ec:	c90c                	sw	a1,16(a0)
 5ee:	8082                	ret

000005f0 <GPIO_ResetBits>:
 5f0:	c94c                	sw	a1,20(a0)
 5f2:	8082                	ret

000005f4 <GPIO_PinRemapConfig>:
 5f4:	400107b7          	lui	a5,0x40010
 5f8:	04055a63          	bgez	a0,64c <GPIO_PinRemapConfig+0x58>
 5fc:	4fdc                	lw	a5,28(a5)
 5fe:	01055693          	srli	a3,a0,0x10
 602:	01051813          	slli	a6,a0,0x10
 606:	00300737          	lui	a4,0x300
 60a:	00f6f613          	andi	a2,a3,15
 60e:	01085813          	srli	a6,a6,0x10
 612:	00e576b3          	and	a3,a0,a4
 616:	06055063          	bgez	a0,676 <GPIO_PinRemapConfig+0x82>
 61a:	02e69b63          	bne	a3,a4,650 <GPIO_PinRemapConfig+0x5c>
 61e:	01060693          	addi	a3,a2,16 # 10010 <_data_lma+0xf178>
 622:	460d                	li	a2,3
 624:	00d616b3          	sll	a3,a2,a3
 628:	fff6c693          	not	a3,a3
 62c:	8ff5                	and	a5,a5,a3
 62e:	c999                	beqz	a1,644 <GPIO_PinRemapConfig+0x50>
 630:	01555713          	srli	a4,a0,0x15
 634:	3ff77713          	andi	a4,a4,1023
 638:	0712                	slli	a4,a4,0x4
 63a:	00e81733          	sll	a4,a6,a4
 63e:	8fd9                	or	a5,a5,a4
 640:	04055763          	bgez	a0,68e <GPIO_PinRemapConfig+0x9a>
 644:	40010737          	lui	a4,0x40010
 648:	cf5c                	sw	a5,28(a4)
 64a:	8082                	ret
 64c:	43dc                	lw	a5,4(a5)
 64e:	bf45                	j	5fe <GPIO_PinRemapConfig+0xa>
 650:	00b51713          	slli	a4,a0,0xb
 654:	00075663          	bgez	a4,660 <GPIO_PinRemapConfig+0x6c>
 658:	468d                	li	a3,3
 65a:	00c696b3          	sll	a3,a3,a2
 65e:	b7e9                	j	628 <GPIO_PinRemapConfig+0x34>
 660:	01555713          	srli	a4,a0,0x15
 664:	3ff77713          	andi	a4,a4,1023
 668:	0712                	slli	a4,a4,0x4
 66a:	00e81733          	sll	a4,a6,a4
 66e:	fff74713          	not	a4,a4
 672:	8ff9                	and	a5,a5,a4
 674:	bf6d                	j	62e <GPIO_PinRemapConfig+0x3a>
 676:	02e69063          	bne	a3,a4,696 <GPIO_PinRemapConfig+0xa2>
 67a:	40010637          	lui	a2,0x40010
 67e:	4254                	lw	a3,4(a2)
 680:	f1000737          	lui	a4,0xf1000
 684:	177d                	addi	a4,a4,-1
 686:	8ff9                	and	a5,a5,a4
 688:	8f75                	and	a4,a4,a3
 68a:	c258                	sw	a4,4(a2)
 68c:	f1d5                	bnez	a1,630 <GPIO_PinRemapConfig+0x3c>
 68e:	40010737          	lui	a4,0x40010
 692:	c35c                	sw	a5,4(a4)
 694:	8082                	ret
 696:	00b51713          	slli	a4,a0,0xb
 69a:	00075c63          	bgez	a4,6b2 <GPIO_PinRemapConfig+0xbe>
 69e:	468d                	li	a3,3
 6a0:	00c696b3          	sll	a3,a3,a2
 6a4:	fff6c693          	not	a3,a3
 6a8:	8efd                	and	a3,a3,a5
 6aa:	0f0007b7          	lui	a5,0xf000
 6ae:	8fd5                	or	a5,a5,a3
 6b0:	bff1                	j	68c <GPIO_PinRemapConfig+0x98>
 6b2:	01555713          	srli	a4,a0,0x15
 6b6:	0712                	slli	a4,a4,0x4
 6b8:	00e81733          	sll	a4,a6,a4
 6bc:	fff74713          	not	a4,a4
 6c0:	8f7d                	and	a4,a4,a5
 6c2:	0f0007b7          	lui	a5,0xf000
 6c6:	8fd9                	or	a5,a5,a4
 6c8:	b7d1                	j	68c <GPIO_PinRemapConfig+0x98>

000006ca <I2C_Init>:
 6ca:	b27ff2ef          	jal	t0,1f0 <__riscv_save_0>
 6ce:	7179                	addi	sp,sp,-48
 6d0:	2146                	lhu	s1,4(a0)
 6d2:	842a                	mv	s0,a0
 6d4:	0868                	addi	a0,sp,28
 6d6:	c62e                	sw	a1,12(sp)
 6d8:	2a79                	jal	876 <RCC_GetClocksFreq>
 6da:	5792                	lw	a5,36(sp)
 6dc:	000f4737          	lui	a4,0xf4
 6e0:	24070713          	addi	a4,a4,576 # f4240 <_data_lma+0xf33a8>
 6e4:	02e7d733          	divu	a4,a5,a4
 6e8:	04c2                	slli	s1,s1,0x10
 6ea:	80c1                	srli	s1,s1,0x10
 6ec:	fc04f493          	andi	s1,s1,-64
 6f0:	04c2                	slli	s1,s1,0x10
 6f2:	03c00693          	li	a3,60
 6f6:	80c1                	srli	s1,s1,0x10
 6f8:	45b2                	lw	a1,12(sp)
 6fa:	00e6f463          	bgeu	a3,a4,702 <I2C_Init+0x38>
 6fe:	03c00713          	li	a4,60
 702:	01071613          	slli	a2,a4,0x10
 706:	8241                	srli	a2,a2,0x10
 708:	8cd1                	or	s1,s1,a2
 70a:	a046                	sh	s1,4(s0)
 70c:	2016                	lhu	a3,0(s0)
 70e:	6561                	lui	a0,0x18
 710:	6a050513          	addi	a0,a0,1696 # 186a0 <_data_lma+0x17808>
 714:	06c2                	slli	a3,a3,0x10
 716:	82c1                	srli	a3,a3,0x10
 718:	9af9                	andi	a3,a3,-2
 71a:	06c2                	slli	a3,a3,0x10
 71c:	82c1                	srli	a3,a3,0x10
 71e:	a016                	sh	a3,0(s0)
 720:	4194                	lw	a3,0(a1)
 722:	04d56863          	bltu	a0,a3,772 <I2C_Init+0xa8>
 726:	0686                	slli	a3,a3,0x1
 728:	02d7d7b3          	divu	a5,a5,a3
 72c:	4691                	li	a3,4
 72e:	01079713          	slli	a4,a5,0x10
 732:	8341                	srli	a4,a4,0x10
 734:	87ba                	mv	a5,a4
 736:	00d77363          	bgeu	a4,a3,73c <I2C_Init+0x72>
 73a:	4791                	li	a5,4
 73c:	0605                	addi	a2,a2,1
 73e:	0642                	slli	a2,a2,0x10
 740:	07c2                	slli	a5,a5,0x10
 742:	8241                	srli	a2,a2,0x10
 744:	83c1                	srli	a5,a5,0x10
 746:	b012                	sh	a2,32(s0)
 748:	ac5e                	sh	a5,28(s0)
 74a:	201e                	lhu	a5,0(s0)
 74c:	21da                	lhu	a4,4(a1)
 74e:	25b6                	lhu	a3,10(a1)
 750:	0017e793          	ori	a5,a5,1
 754:	a01e                	sh	a5,0(s0)
 756:	201e                	lhu	a5,0(s0)
 758:	8f55                	or	a4,a4,a3
 75a:	07c2                	slli	a5,a5,0x10
 75c:	83c1                	srli	a5,a5,0x10
 75e:	bf57f793          	andi	a5,a5,-1035
 762:	8fd9                	or	a5,a5,a4
 764:	a01e                	sh	a5,0(s0)
 766:	259a                	lhu	a4,8(a1)
 768:	25de                	lhu	a5,12(a1)
 76a:	8fd9                	or	a5,a5,a4
 76c:	a41e                	sh	a5,8(s0)
 76e:	6145                	addi	sp,sp,48
 770:	b455                	j	214 <__riscv_restore_0>
 772:	21ea                	lhu	a0,6(a1)
 774:	6631                	lui	a2,0xc
 776:	167d                	addi	a2,a2,-1
 778:	02c51d63          	bne	a0,a2,7b2 <I2C_Init+0xe8>
 77c:	460d                	li	a2,3
 77e:	02c686b3          	mul	a3,a3,a2
 782:	02d7d7b3          	divu	a5,a5,a3
 786:	07c2                	slli	a5,a5,0x10
 788:	83c1                	srli	a5,a5,0x10
 78a:	01479693          	slli	a3,a5,0x14
 78e:	e299                	bnez	a3,794 <I2C_Init+0xca>
 790:	0017e793          	ori	a5,a5,1
 794:	66a1                	lui	a3,0x8
 796:	8fd5                	or	a5,a5,a3
 798:	12c00693          	li	a3,300
 79c:	02d70733          	mul	a4,a4,a3
 7a0:	3e800693          	li	a3,1000
 7a4:	02d74733          	div	a4,a4,a3
 7a8:	0705                	addi	a4,a4,1
 7aa:	0742                	slli	a4,a4,0x10
 7ac:	8341                	srli	a4,a4,0x10
 7ae:	b01a                	sh	a4,32(s0)
 7b0:	bf61                	j	748 <I2C_Init+0x7e>
 7b2:	4665                	li	a2,25
 7b4:	02c686b3          	mul	a3,a3,a2
 7b8:	02d7d7b3          	divu	a5,a5,a3
 7bc:	6691                	lui	a3,0x4
 7be:	07c2                	slli	a5,a5,0x10
 7c0:	83c1                	srli	a5,a5,0x10
 7c2:	8fd5                	or	a5,a5,a3
 7c4:	b7d9                	j	78a <I2C_Init+0xc0>

000007c6 <I2C_Cmd>:
 7c6:	211e                	lhu	a5,0(a0)
 7c8:	c589                	beqz	a1,7d2 <I2C_Cmd+0xc>
 7ca:	0017e793          	ori	a5,a5,1
 7ce:	a11e                	sh	a5,0(a0)
 7d0:	8082                	ret
 7d2:	07c2                	slli	a5,a5,0x10
 7d4:	83c1                	srli	a5,a5,0x10
 7d6:	9bf9                	andi	a5,a5,-2
 7d8:	07c2                	slli	a5,a5,0x10
 7da:	83c1                	srli	a5,a5,0x10
 7dc:	bfcd                	j	7ce <I2C_Cmd+0x8>

000007de <I2C_GenerateSTART>:
 7de:	211e                	lhu	a5,0(a0)
 7e0:	c589                	beqz	a1,7ea <I2C_GenerateSTART+0xc>
 7e2:	1007e793          	ori	a5,a5,256
 7e6:	a11e                	sh	a5,0(a0)
 7e8:	8082                	ret
 7ea:	07c2                	slli	a5,a5,0x10
 7ec:	83c1                	srli	a5,a5,0x10
 7ee:	eff7f793          	andi	a5,a5,-257
 7f2:	07c2                	slli	a5,a5,0x10
 7f4:	83c1                	srli	a5,a5,0x10
 7f6:	bfc5                	j	7e6 <I2C_GenerateSTART+0x8>

000007f8 <I2C_GenerateSTOP>:
 7f8:	211e                	lhu	a5,0(a0)
 7fa:	c589                	beqz	a1,804 <__stack_size+0x4>
 7fc:	2007e793          	ori	a5,a5,512
 800:	a11e                	sh	a5,0(a0)
 802:	8082                	ret
 804:	07c2                	slli	a5,a5,0x10
 806:	83c1                	srli	a5,a5,0x10
 808:	dff7f793          	andi	a5,a5,-513
 80c:	07c2                	slli	a5,a5,0x10
 80e:	83c1                	srli	a5,a5,0x10
 810:	bfc5                	j	800 <__stack_size>

00000812 <I2C_SendData>:
 812:	a90e                	sh	a1,16(a0)
 814:	8082                	ret

00000816 <I2C_Send7bitAddress>:
 816:	0fe5f793          	andi	a5,a1,254
 81a:	c219                	beqz	a2,820 <I2C_Send7bitAddress+0xa>
 81c:	0015e793          	ori	a5,a1,1
 820:	07c2                	slli	a5,a5,0x10
 822:	83c1                	srli	a5,a5,0x10
 824:	a91e                	sh	a5,16(a0)
 826:	8082                	ret

00000828 <I2C_CheckEvent>:
 828:	295e                	lhu	a5,20(a0)
 82a:	2d0a                	lhu	a0,24(a0)
 82c:	0542                	slli	a0,a0,0x10
 82e:	8d5d                	or	a0,a0,a5
 830:	8d6d                	and	a0,a0,a1
 832:	0522                	slli	a0,a0,0x8
 834:	8121                	srli	a0,a0,0x8
 836:	8d0d                	sub	a0,a0,a1
 838:	00153513          	seqz	a0,a0
 83c:	8082                	ret

0000083e <I2C_GetFlagStatus>:
 83e:	1141                	addi	sp,sp,-16
 840:	c402                	sw	zero,8(sp)
 842:	c602                	sw	zero,12(sp)
 844:	01c5d793          	srli	a5,a1,0x1c
 848:	c62a                	sw	a0,12(sp)
 84a:	c43e                	sw	a5,8(sp)
 84c:	47a2                	lw	a5,8(sp)
 84e:	05a2                	slli	a1,a1,0x8
 850:	81a1                	srli	a1,a1,0x8
 852:	cb99                	beqz	a5,868 <I2C_GetFlagStatus+0x2a>
 854:	47b2                	lw	a5,12(sp)
 856:	07d1                	addi	a5,a5,20
 858:	c63e                	sw	a5,12(sp)
 85a:	47b2                	lw	a5,12(sp)
 85c:	4388                	lw	a0,0(a5)
 85e:	0141                	addi	sp,sp,16
 860:	8d6d                	and	a0,a0,a1
 862:	00a03533          	snez	a0,a0
 866:	8082                	ret
 868:	47b2                	lw	a5,12(sp)
 86a:	81c1                	srli	a1,a1,0x10
 86c:	07e1                	addi	a5,a5,24
 86e:	b7ed                	j	858 <I2C_GetFlagStatus+0x1a>

00000870 <NVIC_PriorityGroupConfig>:
 870:	80a1a423          	sw	a0,-2040(gp) # 20000028 <_edata>
 874:	8082                	ret

00000876 <RCC_GetClocksFreq>:
 876:	40021737          	lui	a4,0x40021
 87a:	435c                	lw	a5,4(a4)
 87c:	4691                	li	a3,4
 87e:	8bb1                	andi	a5,a5,12
 880:	00d78563          	beq	a5,a3,88a <RCC_GetClocksFreq+0x14>
 884:	46a1                	li	a3,8
 886:	06d78263          	beq	a5,a3,8ea <RCC_GetClocksFreq+0x74>
 88a:	007a17b7          	lui	a5,0x7a1
 88e:	20078793          	addi	a5,a5,512 # 7a1200 <_data_lma+0x7a0368>
 892:	c11c                	sw	a5,0(a0)
 894:	40021637          	lui	a2,0x40021
 898:	425c                	lw	a5,4(a2)
 89a:	20000737          	lui	a4,0x20000
 89e:	01070713          	addi	a4,a4,16 # 20000010 <APBAHBPrescTable>
 8a2:	8391                	srli	a5,a5,0x4
 8a4:	8bbd                	andi	a5,a5,15
 8a6:	97ba                	add	a5,a5,a4
 8a8:	2394                	lbu	a3,0(a5)
 8aa:	411c                	lw	a5,0(a0)
 8ac:	00d7d7b3          	srl	a5,a5,a3
 8b0:	c15c                	sw	a5,4(a0)
 8b2:	4254                	lw	a3,4(a2)
 8b4:	82a1                	srli	a3,a3,0x8
 8b6:	8a9d                	andi	a3,a3,7
 8b8:	96ba                	add	a3,a3,a4
 8ba:	2294                	lbu	a3,0(a3)
 8bc:	00d7d6b3          	srl	a3,a5,a3
 8c0:	c514                	sw	a3,8(a0)
 8c2:	4254                	lw	a3,4(a2)
 8c4:	82ad                	srli	a3,a3,0xb
 8c6:	8a9d                	andi	a3,a3,7
 8c8:	9736                	add	a4,a4,a3
 8ca:	2318                	lbu	a4,0(a4)
 8cc:	00e7d7b3          	srl	a5,a5,a4
 8d0:	c55c                	sw	a5,12(a0)
 8d2:	4258                	lw	a4,4(a2)
 8d4:	8339                	srli	a4,a4,0xe
 8d6:	00377693          	andi	a3,a4,3
 8da:	80418713          	addi	a4,gp,-2044 # 20000024 <ADCPrescTable>
 8de:	9736                	add	a4,a4,a3
 8e0:	2318                	lbu	a4,0(a4)
 8e2:	02e7d7b3          	divu	a5,a5,a4
 8e6:	c91c                	sw	a5,16(a0)
 8e8:	8082                	ret
 8ea:	435c                	lw	a5,4(a4)
 8ec:	4358                	lw	a4,4(a4)
 8ee:	66c1                	lui	a3,0x10
 8f0:	83c9                	srli	a5,a5,0x12
 8f2:	8f75                	and	a4,a4,a3
 8f4:	1ffff6b7          	lui	a3,0x1ffff
 8f8:	70c6a683          	lw	a3,1804(a3) # 1ffff70c <_data_lma+0x1fffe874>
 8fc:	8bbd                	andi	a5,a5,15
 8fe:	0789                	addi	a5,a5,2
 900:	01169613          	slli	a2,a3,0x11
 904:	00064863          	bltz	a2,914 <RCC_GetClocksFreq+0x9e>
 908:	46c5                	li	a3,17
 90a:	4601                	li	a2,0
 90c:	02d79263          	bne	a5,a3,930 <RCC_GetClocksFreq+0xba>
 910:	47c9                	li	a5,18
 912:	a839                	j	930 <RCC_GetClocksFreq+0xba>
 914:	4689                	li	a3,2
 916:	02d78f63          	beq	a5,a3,954 <RCC_GetClocksFreq+0xde>
 91a:	46bd                	li	a3,15
 91c:	02d78e63          	beq	a5,a3,958 <RCC_GetClocksFreq+0xe2>
 920:	46c1                	li	a3,16
 922:	02d78e63          	beq	a5,a3,95e <RCC_GetClocksFreq+0xe8>
 926:	46c5                	li	a3,17
 928:	4601                	li	a2,0
 92a:	00d79363          	bne	a5,a3,930 <RCC_GetClocksFreq+0xba>
 92e:	47c1                	li	a5,16
 930:	ef1d                	bnez	a4,96e <RCC_GetClocksFreq+0xf8>
 932:	40024737          	lui	a4,0x40024
 936:	80072703          	lw	a4,-2048(a4) # 40023800 <_eusrstack+0x20013800>
 93a:	8b41                	andi	a4,a4,16
 93c:	c705                	beqz	a4,964 <RCC_GetClocksFreq+0xee>
 93e:	007a1737          	lui	a4,0x7a1
 942:	20070713          	addi	a4,a4,512 # 7a1200 <_data_lma+0x7a0368>
 946:	02f707b3          	mul	a5,a4,a5
 94a:	c11c                	sw	a5,0(a0)
 94c:	d621                	beqz	a2,894 <RCC_GetClocksFreq+0x1e>
 94e:	411c                	lw	a5,0(a0)
 950:	8385                	srli	a5,a5,0x1
 952:	b781                	j	892 <RCC_GetClocksFreq+0x1c>
 954:	4601                	li	a2,0
 956:	bf6d                	j	910 <RCC_GetClocksFreq+0x9a>
 958:	4605                	li	a2,1
 95a:	47b5                	li	a5,13
 95c:	bfd1                	j	930 <RCC_GetClocksFreq+0xba>
 95e:	4601                	li	a2,0
 960:	47bd                	li	a5,15
 962:	b7f9                	j	930 <RCC_GetClocksFreq+0xba>
 964:	003d1737          	lui	a4,0x3d1
 968:	90070713          	addi	a4,a4,-1792 # 3d0900 <_data_lma+0x3cfa68>
 96c:	bfe9                	j	946 <RCC_GetClocksFreq+0xd0>
 96e:	400215b7          	lui	a1,0x40021
 972:	55d8                	lw	a4,44(a1)
 974:	00f71693          	slli	a3,a4,0xf
 978:	55d8                	lw	a4,44(a1)
 97a:	0406df63          	bgez	a3,9d8 <RCC_GetClocksFreq+0x162>
 97e:	8311                	srli	a4,a4,0x4
 980:	8b3d                	andi	a4,a4,15
 982:	00170693          	addi	a3,a4,1
 986:	007a1737          	lui	a4,0x7a1
 98a:	20070713          	addi	a4,a4,512 # 7a1200 <_data_lma+0x7a0368>
 98e:	02d75733          	divu	a4,a4,a3
 992:	c118                	sw	a4,0(a0)
 994:	55d4                	lw	a3,44(a1)
 996:	82a1                	srli	a3,a3,0x8
 998:	8abd                	andi	a3,a3,15
 99a:	e28d                	bnez	a3,9bc <RCC_GetClocksFreq+0x146>
 99c:	4695                	li	a3,5
 99e:	02d70733          	mul	a4,a4,a3
 9a2:	8305                	srli	a4,a4,0x1
 9a4:	c118                	sw	a4,0(a0)
 9a6:	40021737          	lui	a4,0x40021
 9aa:	5758                	lw	a4,44(a4)
 9ac:	4114                	lw	a3,0(a0)
 9ae:	8b3d                	andi	a4,a4,15
 9b0:	0705                	addi	a4,a4,1
 9b2:	02e6d733          	divu	a4,a3,a4
 9b6:	c118                	sw	a4,0(a0)
 9b8:	4118                	lw	a4,0(a0)
 9ba:	b771                	j	946 <RCC_GetClocksFreq+0xd0>
 9bc:	4585                	li	a1,1
 9be:	00b69463          	bne	a3,a1,9c6 <RCC_GetClocksFreq+0x150>
 9c2:	46e5                	li	a3,25
 9c4:	bfe9                	j	99e <RCC_GetClocksFreq+0x128>
 9c6:	45bd                	li	a1,15
 9c8:	00b69663          	bne	a3,a1,9d4 <RCC_GetClocksFreq+0x15e>
 9cc:	46d1                	li	a3,20
 9ce:	02e68733          	mul	a4,a3,a4
 9d2:	bfc9                	j	9a4 <RCC_GetClocksFreq+0x12e>
 9d4:	0689                	addi	a3,a3,2
 9d6:	bfe5                	j	9ce <RCC_GetClocksFreq+0x158>
 9d8:	8b3d                	andi	a4,a4,15
 9da:	00170693          	addi	a3,a4,1 # 40021001 <_eusrstack+0x20011001>
 9de:	007a1737          	lui	a4,0x7a1
 9e2:	20070713          	addi	a4,a4,512 # 7a1200 <_data_lma+0x7a0368>
 9e6:	02d75733          	divu	a4,a4,a3
 9ea:	b7f1                	j	9b6 <RCC_GetClocksFreq+0x140>

000009ec <RCC_APB2PeriphClockCmd>:
 9ec:	c599                	beqz	a1,9fa <RCC_APB2PeriphClockCmd+0xe>
 9ee:	40021737          	lui	a4,0x40021
 9f2:	4f1c                	lw	a5,24(a4)
 9f4:	8d5d                	or	a0,a0,a5
 9f6:	cf08                	sw	a0,24(a4)
 9f8:	8082                	ret
 9fa:	400217b7          	lui	a5,0x40021
 9fe:	4f98                	lw	a4,24(a5)
 a00:	fff54513          	not	a0,a0
 a04:	8d79                	and	a0,a0,a4
 a06:	cf88                	sw	a0,24(a5)
 a08:	8082                	ret

00000a0a <RCC_APB1PeriphClockCmd>:
 a0a:	c599                	beqz	a1,a18 <RCC_APB1PeriphClockCmd+0xe>
 a0c:	40021737          	lui	a4,0x40021
 a10:	4f5c                	lw	a5,28(a4)
 a12:	8d5d                	or	a0,a0,a5
 a14:	cf48                	sw	a0,28(a4)
 a16:	8082                	ret
 a18:	400217b7          	lui	a5,0x40021
 a1c:	4fd8                	lw	a4,28(a5)
 a1e:	fff54513          	not	a0,a0
 a22:	8d79                	and	a0,a0,a4
 a24:	cfc8                	sw	a0,28(a5)
 a26:	8082                	ret

00000a28 <USART_Init>:
 a28:	fc8ff2ef          	jal	t0,1f0 <__riscv_save_0>
 a2c:	2916                	lhu	a3,16(a0)
 a2e:	77f5                	lui	a5,0xffffd
 a30:	17fd                	addi	a5,a5,-1
 a32:	8ff5                	and	a5,a5,a3
 a34:	21f6                	lhu	a3,6(a1)
 a36:	25da                	lhu	a4,12(a1)
 a38:	7179                	addi	sp,sp,-48
 a3a:	8fd5                	or	a5,a5,a3
 a3c:	a91e                	sh	a5,16(a0)
 a3e:	2556                	lhu	a3,12(a0)
 a40:	77fd                	lui	a5,0xfffff
 a42:	9f378793          	addi	a5,a5,-1549 # ffffe9f3 <_eusrstack+0xdffee9f3>
 a46:	8ff5                	and	a5,a5,a3
 a48:	21d6                	lhu	a3,4(a1)
 a4a:	842a                	mv	s0,a0
 a4c:	c62e                	sw	a1,12(sp)
 a4e:	8fd5                	or	a5,a5,a3
 a50:	2596                	lhu	a3,8(a1)
 a52:	8fd5                	or	a5,a5,a3
 a54:	25b6                	lhu	a3,10(a1)
 a56:	8fd5                	or	a5,a5,a3
 a58:	a55e                	sh	a5,12(a0)
 a5a:	295e                	lhu	a5,20(a0)
 a5c:	07c2                	slli	a5,a5,0x10
 a5e:	83c1                	srli	a5,a5,0x10
 a60:	cff7f793          	andi	a5,a5,-769
 a64:	8fd9                	or	a5,a5,a4
 a66:	a95e                	sh	a5,20(a0)
 a68:	0868                	addi	a0,sp,28
 a6a:	3531                	jal	876 <RCC_GetClocksFreq>
 a6c:	400147b7          	lui	a5,0x40014
 a70:	80078793          	addi	a5,a5,-2048 # 40013800 <_eusrstack+0x20003800>
 a74:	45b2                	lw	a1,12(sp)
 a76:	02f41e63          	bne	s0,a5,ab2 <USART_Init+0x8a>
 a7a:	57a2                	lw	a5,40(sp)
 a7c:	4765                	li	a4,25
 a7e:	02e787b3          	mul	a5,a5,a4
 a82:	4198                	lw	a4,0(a1)
 a84:	06400693          	li	a3,100
 a88:	070a                	slli	a4,a4,0x2
 a8a:	02e7d7b3          	divu	a5,a5,a4
 a8e:	02d7d733          	divu	a4,a5,a3
 a92:	02d7f7b3          	remu	a5,a5,a3
 a96:	0712                	slli	a4,a4,0x4
 a98:	0792                	slli	a5,a5,0x4
 a9a:	03278793          	addi	a5,a5,50
 a9e:	02d7d7b3          	divu	a5,a5,a3
 aa2:	8bbd                	andi	a5,a5,15
 aa4:	8fd9                	or	a5,a5,a4
 aa6:	07c2                	slli	a5,a5,0x10
 aa8:	83c1                	srli	a5,a5,0x10
 aaa:	a41e                	sh	a5,8(s0)
 aac:	6145                	addi	sp,sp,48
 aae:	f66ff06f          	j	214 <__riscv_restore_0>
 ab2:	5792                	lw	a5,36(sp)
 ab4:	b7e1                	j	a7c <USART_Init+0x54>

00000ab6 <USART_Cmd>:
 ab6:	c591                	beqz	a1,ac2 <USART_Cmd+0xc>
 ab8:	255e                	lhu	a5,12(a0)
 aba:	6709                	lui	a4,0x2
 abc:	8fd9                	or	a5,a5,a4
 abe:	a55e                	sh	a5,12(a0)
 ac0:	8082                	ret
 ac2:	255a                	lhu	a4,12(a0)
 ac4:	77f9                	lui	a5,0xffffe
 ac6:	17fd                	addi	a5,a5,-1
 ac8:	8ff9                	and	a5,a5,a4
 aca:	bfd5                	j	abe <USART_Cmd+0x8>

00000acc <ES8388_Contrl_Init>:
 acc:	f24ff2ef          	jal	t0,1f0 <__riscv_save_0>
 ad0:	1141                	addi	sp,sp,-16
 ad2:	4585                	li	a1,1
 ad4:	4541                	li	a0,16
 ad6:	3f19                	jal	9ec <RCC_APB2PeriphClockCmd>
 ad8:	6789                	lui	a5,0x2
 ada:	827c                	sh	a5,4(sp)
 adc:	47c1                	li	a5,16
 ade:	c63e                	sw	a5,12(sp)
 ae0:	004c                	addi	a1,sp,4
 ae2:	478d                	li	a5,3
 ae4:	40011537          	lui	a0,0x40011
 ae8:	c43e                	sw	a5,8(sp)
 aea:	3489                	jal	52c <GPIO_Init>
 aec:	0141                	addi	sp,sp,16
 aee:	f26ff06f          	j	214 <__riscv_restore_0>

00000af2 <ES8388_WaitEvent>:
 af2:	efeff2ef          	jal	t0,1f0 <__riscv_save_0>
 af6:	6441                	lui	s0,0x10
 af8:	84aa                	mv	s1,a0
 afa:	892e                	mv	s2,a1
 afc:	147d                	addi	s0,s0,-1
 afe:	85ca                	mv	a1,s2
 b00:	8526                	mv	a0,s1
 b02:	331d                	jal	828 <I2C_CheckEvent>
 b04:	c501                	beqz	a0,b0c <ES8388_WaitEvent+0x1a>
 b06:	4501                	li	a0,0
 b08:	f0cff06f          	j	214 <__riscv_restore_0>
 b0c:	147d                	addi	s0,s0,-1
 b0e:	0442                	slli	s0,s0,0x10
 b10:	8041                	srli	s0,s0,0x10
 b12:	f475                	bnez	s0,afe <ES8388_WaitEvent+0xc>
 b14:	4505                	li	a0,1
 b16:	bfcd                	j	b08 <ES8388_WaitEvent+0x16>

00000b18 <ES8388_Write_Reg>:
 b18:	ebeff2ef          	jal	t0,1d6 <__riscv_save_4>
 b1c:	6441                	lui	s0,0x10
 b1e:	400054b7          	lui	s1,0x40005
 b22:	8a2a                	mv	s4,a0
 b24:	892e                	mv	s2,a1
 b26:	147d                	addi	s0,s0,-1
 b28:	40048993          	addi	s3,s1,1024 # 40005400 <_eusrstack+0x1fff5400>
 b2c:	000205b7          	lui	a1,0x20
 b30:	854e                	mv	a0,s3
 b32:	3331                	jal	83e <I2C_GetFlagStatus>
 b34:	e545                	bnez	a0,bdc <ES8388_Write_Reg+0xc4>
 b36:	4585                	li	a1,1
 b38:	40048513          	addi	a0,s1,1024
 b3c:	314d                	jal	7de <I2C_GenerateSTART>
 b3e:	000305b7          	lui	a1,0x30
 b42:	0585                	addi	a1,a1,1
 b44:	40048513          	addi	a0,s1,1024
 b48:	376d                	jal	af2 <ES8388_WaitEvent>
 b4a:	ed49                	bnez	a0,be4 <ES8388_Write_Reg+0xcc>
 b4c:	02000593          	li	a1,32
 b50:	40048513          	addi	a0,s1,1024
 b54:	4601                	li	a2,0
 b56:	31c1                	jal	816 <I2C_Send7bitAddress>
 b58:	000705b7          	lui	a1,0x70
 b5c:	08258593          	addi	a1,a1,130 # 70082 <_data_lma+0x6f1ea>
 b60:	40048513          	addi	a0,s1,1024
 b64:	3779                	jal	af2 <ES8388_WaitEvent>
 b66:	ed3d                	bnez	a0,be4 <ES8388_Write_Reg+0xcc>
 b68:	6441                	lui	s0,0x10
 b6a:	100009b7          	lui	s3,0x10000
 b6e:	400054b7          	lui	s1,0x40005
 b72:	147d                	addi	s0,s0,-1
 b74:	08098993          	addi	s3,s3,128 # 10000080 <_data_lma+0xffff1e8>
 b78:	40048a93          	addi	s5,s1,1024 # 40005400 <_eusrstack+0x1fff5400>
 b7c:	85ce                	mv	a1,s3
 b7e:	8556                	mv	a0,s5
 b80:	397d                	jal	83e <I2C_GetFlagStatus>
 b82:	c52d                	beqz	a0,bec <ES8388_Write_Reg+0xd4>
 b84:	85d2                	mv	a1,s4
 b86:	40048513          	addi	a0,s1,1024
 b8a:	3161                	jal	812 <I2C_SendData>
 b8c:	000705b7          	lui	a1,0x70
 b90:	08458593          	addi	a1,a1,132 # 70084 <_data_lma+0x6f1ec>
 b94:	40048513          	addi	a0,s1,1024
 b98:	3fa9                	jal	af2 <ES8388_WaitEvent>
 b9a:	e529                	bnez	a0,be4 <ES8388_Write_Reg+0xcc>
 b9c:	6441                	lui	s0,0x10
 b9e:	100009b7          	lui	s3,0x10000
 ba2:	400054b7          	lui	s1,0x40005
 ba6:	147d                	addi	s0,s0,-1
 ba8:	08098993          	addi	s3,s3,128 # 10000080 <_data_lma+0xffff1e8>
 bac:	40048a13          	addi	s4,s1,1024 # 40005400 <_eusrstack+0x1fff5400>
 bb0:	85ce                	mv	a1,s3
 bb2:	8552                	mv	a0,s4
 bb4:	3169                	jal	83e <I2C_GetFlagStatus>
 bb6:	c121                	beqz	a0,bf6 <ES8388_Write_Reg+0xde>
 bb8:	85ca                	mv	a1,s2
 bba:	40048513          	addi	a0,s1,1024
 bbe:	3991                	jal	812 <I2C_SendData>
 bc0:	000705b7          	lui	a1,0x70
 bc4:	08458593          	addi	a1,a1,132 # 70084 <_data_lma+0x6f1ec>
 bc8:	40048513          	addi	a0,s1,1024
 bcc:	371d                	jal	af2 <ES8388_WaitEvent>
 bce:	842a                	mv	s0,a0
 bd0:	e911                	bnez	a0,be4 <ES8388_Write_Reg+0xcc>
 bd2:	4585                	li	a1,1
 bd4:	40048513          	addi	a0,s1,1024
 bd8:	3105                	jal	7f8 <I2C_GenerateSTOP>
 bda:	a031                	j	be6 <ES8388_Write_Reg+0xce>
 bdc:	147d                	addi	s0,s0,-1
 bde:	0442                	slli	s0,s0,0x10
 be0:	8041                	srli	s0,s0,0x10
 be2:	f429                	bnez	s0,b2c <ES8388_Write_Reg+0x14>
 be4:	4405                	li	s0,1
 be6:	8522                	mv	a0,s0
 be8:	e22ff06f          	j	20a <__riscv_restore_4>
 bec:	147d                	addi	s0,s0,-1
 bee:	0442                	slli	s0,s0,0x10
 bf0:	8041                	srli	s0,s0,0x10
 bf2:	f449                	bnez	s0,b7c <ES8388_Write_Reg+0x64>
 bf4:	bfc5                	j	be4 <ES8388_Write_Reg+0xcc>
 bf6:	147d                	addi	s0,s0,-1
 bf8:	0442                	slli	s0,s0,0x10
 bfa:	8041                	srli	s0,s0,0x10
 bfc:	f855                	bnez	s0,bb0 <ES8388_Write_Reg+0x98>
 bfe:	b7dd                	j	be4 <ES8388_Write_Reg+0xcc>

00000c00 <ES8388_Init>:
 c00:	df0ff2ef          	jal	t0,1f0 <__riscv_save_0>
 c04:	1101                	addi	sp,sp,-32
 c06:	4585                	li	a1,1
 c08:	4521                	li	a0,8
 c0a:	33cd                	jal	9ec <RCC_APB2PeriphClockCmd>
 c0c:	4585                	li	a1,1
 c0e:	4505                	li	a0,1
 c10:	3bf1                	jal	9ec <RCC_APB2PeriphClockCmd>
 c12:	4585                	li	a1,1
 c14:	4509                	li	a0,2
 c16:	3af9                	jal	5f4 <GPIO_PinRemapConfig>
 c18:	4585                	li	a1,1
 c1a:	00200537          	lui	a0,0x200
 c1e:	33f5                	jal	a0a <RCC_APB1PeriphClockCmd>
 c20:	40011437          	lui	s0,0x40011
 c24:	c0040513          	addi	a0,s0,-1024 # 40010c00 <_eusrstack+0x20000c00>
 c28:	30000593          	li	a1,768
 c2c:	32c1                	jal	5ec <GPIO_SetBits>
 c2e:	10000793          	li	a5,256
 c32:	4971                	li	s2,28
 c34:	448d                	li	s1,3
 c36:	004c                	addi	a1,sp,4
 c38:	c0040513          	addi	a0,s0,-1024
 c3c:	827c                	sh	a5,4(sp)
 c3e:	c64a                	sw	s2,12(sp)
 c40:	c426                	sw	s1,8(sp)
 c42:	30ed                	jal	52c <GPIO_Init>
 c44:	20000793          	li	a5,512
 c48:	004c                	addi	a1,sp,4
 c4a:	c0040513          	addi	a0,s0,-1024
 c4e:	827c                	sh	a5,4(sp)
 c50:	c64a                	sw	s2,12(sp)
 c52:	c426                	sw	s1,8(sp)
 c54:	38e1                	jal	52c <GPIO_Init>
 c56:	67e1                	lui	a5,0x18
 c58:	6a078793          	addi	a5,a5,1696 # 186a0 <_data_lma+0x17808>
 c5c:	c83e                	sw	a5,16(sp)
 c5e:	400007b7          	lui	a5,0x40000
 c62:	ca3e                	sw	a5,20(sp)
 c64:	040007b7          	lui	a5,0x4000
 c68:	40005437          	lui	s0,0x40005
 c6c:	0785                	addi	a5,a5,1
 c6e:	cc3e                	sw	a5,24(sp)
 c70:	080c                	addi	a1,sp,16
 c72:	6791                	lui	a5,0x4
 c74:	40040513          	addi	a0,s0,1024 # 40005400 <_eusrstack+0x1fff5400>
 c78:	86fc                	sh	a5,28(sp)
 c7a:	3c81                	jal	6ca <I2C_Init>
 c7c:	40040513          	addi	a0,s0,1024
 c80:	4585                	li	a1,1
 c82:	3691                	jal	7c6 <I2C_Cmd>
 c84:	35a1                	jal	acc <ES8388_Contrl_Init>
 c86:	08000593          	li	a1,128
 c8a:	4501                	li	a0,0
 c8c:	3571                	jal	b18 <ES8388_Write_Reg>
 c8e:	4581                	li	a1,0
 c90:	4501                	li	a0,0
 c92:	3559                	jal	b18 <ES8388_Write_Reg>
 c94:	06400513          	li	a0,100
 c98:	2a9d                	jal	e0e <Delay_Ms>
 c9a:	05800593          	li	a1,88
 c9e:	4505                	li	a0,1
 ca0:	3da5                	jal	b18 <ES8388_Write_Reg>
 ca2:	05000593          	li	a1,80
 ca6:	4505                	li	a0,1
 ca8:	3d85                	jal	b18 <ES8388_Write_Reg>
 caa:	0f300593          	li	a1,243
 cae:	4509                	li	a0,2
 cb0:	35a5                	jal	b18 <ES8388_Write_Reg>
 cb2:	0f000593          	li	a1,240
 cb6:	4509                	li	a0,2
 cb8:	3585                	jal	b18 <ES8388_Write_Reg>
 cba:	45a5                	li	a1,9
 cbc:	450d                	li	a0,3
 cbe:	3da9                	jal	b18 <ES8388_Write_Reg>
 cc0:	4599                	li	a1,6
 cc2:	4501                	li	a0,0
 cc4:	3d91                	jal	b18 <ES8388_Write_Reg>
 cc6:	4581                	li	a1,0
 cc8:	4511                	li	a0,4
 cca:	35b9                	jal	b18 <ES8388_Write_Reg>
 ccc:	4581                	li	a1,0
 cce:	4521                	li	a0,8
 cd0:	35a1                	jal	b18 <ES8388_Write_Reg>
 cd2:	08000593          	li	a1,128
 cd6:	02b00513          	li	a0,43
 cda:	3d3d                	jal	b18 <ES8388_Write_Reg>
 cdc:	08800593          	li	a1,136
 ce0:	4525                	li	a0,9
 ce2:	3d1d                	jal	b18 <ES8388_Write_Reg>
 ce4:	04c00593          	li	a1,76
 ce8:	4531                	li	a0,12
 cea:	353d                	jal	b18 <ES8388_Write_Reg>
 cec:	4589                	li	a1,2
 cee:	4535                	li	a0,13
 cf0:	3525                	jal	b18 <ES8388_Write_Reg>
 cf2:	4581                	li	a1,0
 cf4:	4541                	li	a0,16
 cf6:	350d                	jal	b18 <ES8388_Write_Reg>
 cf8:	4581                	li	a1,0
 cfa:	4545                	li	a0,17
 cfc:	3d31                	jal	b18 <ES8388_Write_Reg>
 cfe:	4581                	li	a1,0
 d00:	4549                	li	a0,18
 d02:	3d19                	jal	b18 <ES8388_Write_Reg>
 d04:	45e1                	li	a1,24
 d06:	455d                	li	a0,23
 d08:	3d01                	jal	b18 <ES8388_Write_Reg>
 d0a:	4589                	li	a1,2
 d0c:	4561                	li	a0,24
 d0e:	3529                	jal	b18 <ES8388_Write_Reg>
 d10:	4581                	li	a1,0
 d12:	4569                	li	a0,26
 d14:	3511                	jal	b18 <ES8388_Write_Reg>
 d16:	4581                	li	a1,0
 d18:	456d                	li	a0,27
 d1a:	3bfd                	jal	b18 <ES8388_Write_Reg>
 d1c:	0b800593          	li	a1,184
 d20:	02700513          	li	a0,39
 d24:	3bd5                	jal	b18 <ES8388_Write_Reg>
 d26:	0b800593          	li	a1,184
 d2a:	02a00513          	li	a0,42
 d2e:	33ed                	jal	b18 <ES8388_Write_Reg>
 d30:	06400513          	li	a0,100
 d34:	28e9                	jal	e0e <Delay_Ms>
 d36:	4501                	li	a0,0
 d38:	6105                	addi	sp,sp,32
 d3a:	cdaff06f          	j	214 <__riscv_restore_0>

00000d3e <ES8388_close>:
 d3e:	cb2ff2ef          	jal	t0,1f0 <__riscv_save_0>
 d42:	3d7d                	jal	c00 <ES8388_Init>
 d44:	08000593          	li	a1,128
 d48:	4501                	li	a0,0
 d4a:	33f9                	jal	b18 <ES8388_Write_Reg>
 d4c:	4581                	li	a1,0
 d4e:	4501                	li	a0,0
 d50:	33e1                	jal	b18 <ES8388_Write_Reg>
 d52:	06400513          	li	a0,100
 d56:	2865                	jal	e0e <Delay_Ms>
 d58:	05d00593          	li	a1,93
 d5c:	4505                	li	a0,1
 d5e:	3b6d                	jal	b18 <ES8388_Write_Reg>
 d60:	45fd                	li	a1,31
 d62:	4509                	li	a0,2
 d64:	3b55                	jal	b18 <ES8388_Write_Reg>
 d66:	0c000593          	li	a1,192
 d6a:	4511                	li	a0,4
 d6c:	3375                	jal	b18 <ES8388_Write_Reg>
 d6e:	ca6ff06f          	j	214 <__riscv_restore_0>

00000d72 <BEEP_Init>:
 d72:	c7eff2ef          	jal	t0,1f0 <__riscv_save_0>
 d76:	1141                	addi	sp,sp,-16
 d78:	4585                	li	a1,1
 d7a:	4511                	li	a0,4
 d7c:	3985                	jal	9ec <RCC_APB2PeriphClockCmd>
 d7e:	47c1                	li	a5,16
 d80:	827c                	sh	a5,4(sp)
 d82:	40011537          	lui	a0,0x40011
 d86:	47c1                	li	a5,16
 d88:	c63e                	sw	a5,12(sp)
 d8a:	004c                	addi	a1,sp,4
 d8c:	478d                	li	a5,3
 d8e:	80050513          	addi	a0,a0,-2048 # 40010800 <_eusrstack+0x20000800>
 d92:	c43e                	sw	a5,8(sp)
 d94:	f98ff0ef          	jal	ra,52c <GPIO_Init>
 d98:	0141                	addi	sp,sp,16
 d9a:	c7aff06f          	j	214 <__riscv_restore_0>

00000d9e <LED_Init>:
 d9e:	c52ff2ef          	jal	t0,1f0 <__riscv_save_0>
 da2:	1141                	addi	sp,sp,-16
 da4:	4585                	li	a1,1
 da6:	4541                	li	a0,16
 da8:	3191                	jal	9ec <RCC_APB2PeriphClockCmd>
 daa:	479d                	li	a5,7
 dac:	827c                	sh	a5,4(sp)
 dae:	47c1                	li	a5,16
 db0:	c63e                	sw	a5,12(sp)
 db2:	004c                	addi	a1,sp,4
 db4:	478d                	li	a5,3
 db6:	40011537          	lui	a0,0x40011
 dba:	c43e                	sw	a5,8(sp)
 dbc:	f70ff0ef          	jal	ra,52c <GPIO_Init>
 dc0:	4585                	li	a1,1
 dc2:	40011537          	lui	a0,0x40011
 dc6:	827ff0ef          	jal	ra,5ec <GPIO_SetBits>
 dca:	4589                	li	a1,2
 dcc:	40011537          	lui	a0,0x40011
 dd0:	81dff0ef          	jal	ra,5ec <GPIO_SetBits>
 dd4:	4591                	li	a1,4
 dd6:	40011537          	lui	a0,0x40011
 dda:	813ff0ef          	jal	ra,5ec <GPIO_SetBits>
 dde:	0141                	addi	sp,sp,16
 de0:	c34ff06f          	j	214 <__riscv_restore_0>

00000de4 <Delay_Init>:
 de4:	200007b7          	lui	a5,0x20000
 de8:	0207a783          	lw	a5,32(a5) # 20000020 <SystemCoreClock>
 dec:	007a1737          	lui	a4,0x7a1
 df0:	20070713          	addi	a4,a4,512 # 7a1200 <_data_lma+0x7a0368>
 df4:	02e7d7b3          	divu	a5,a5,a4
 df8:	0ff7f793          	andi	a5,a5,255
 dfc:	80f18723          	sb	a5,-2034(gp) # 2000002e <p_us>
 e00:	3e800713          	li	a4,1000
 e04:	02e787b3          	mul	a5,a5,a4
 e08:	80f19623          	sh	a5,-2036(gp) # 2000002c <p_ms>
 e0c:	8082                	ret

00000e0e <Delay_Ms>:
 e0e:	e000f7b7          	lui	a5,0xe000f
 e12:	43d8                	lw	a4,4(a5)
 e14:	4681                	li	a3,0
 e16:	9b79                	andi	a4,a4,-2
 e18:	c3d8                	sw	a4,4(a5)
 e1a:	80c1d703          	lhu	a4,-2036(gp) # 2000002c <p_ms>
 e1e:	02a70633          	mul	a2,a4,a0
 e22:	cb90                	sw	a2,16(a5)
 e24:	cbd4                	sw	a3,20(a5)
 e26:	4398                	lw	a4,0(a5)
 e28:	01076713          	ori	a4,a4,16
 e2c:	c398                	sw	a4,0(a5)
 e2e:	4398                	lw	a4,0(a5)
 e30:	02176713          	ori	a4,a4,33
 e34:	c398                	sw	a4,0(a5)
 e36:	43d8                	lw	a4,4(a5)
 e38:	8b05                	andi	a4,a4,1
 e3a:	df75                	beqz	a4,e36 <Delay_Ms+0x28>
 e3c:	4398                	lw	a4,0(a5)
 e3e:	9b79                	andi	a4,a4,-2
 e40:	c398                	sw	a4,0(a5)
 e42:	8082                	ret

00000e44 <USART_Printf_Init>:
 e44:	bacff2ef          	jal	t0,1f0 <__riscv_save_0>
 e48:	842a                	mv	s0,a0
 e4a:	6511                	lui	a0,0x4
 e4c:	1101                	addi	sp,sp,-32
 e4e:	4585                	li	a1,1
 e50:	0511                	addi	a0,a0,4
 e52:	3e69                	jal	9ec <RCC_APB2PeriphClockCmd>
 e54:	20000793          	li	a5,512
 e58:	827c                	sh	a5,4(sp)
 e5a:	40011537          	lui	a0,0x40011
 e5e:	478d                	li	a5,3
 e60:	c43e                	sw	a5,8(sp)
 e62:	004c                	addi	a1,sp,4
 e64:	47e1                	li	a5,24
 e66:	80050513          	addi	a0,a0,-2048 # 40010800 <_eusrstack+0x20000800>
 e6a:	c63e                	sw	a5,12(sp)
 e6c:	ec0ff0ef          	jal	ra,52c <GPIO_Init>
 e70:	c822                	sw	s0,16(sp)
 e72:	40014437          	lui	s0,0x40014
 e76:	000807b7          	lui	a5,0x80
 e7a:	080c                	addi	a1,sp,16
 e7c:	80040513          	addi	a0,s0,-2048 # 40013800 <_eusrstack+0x20003800>
 e80:	cc3e                	sw	a5,24(sp)
 e82:	ca02                	sw	zero,20(sp)
 e84:	00011e23          	sh	zero,28(sp)
 e88:	3645                	jal	a28 <USART_Init>
 e8a:	4585                	li	a1,1
 e8c:	80040513          	addi	a0,s0,-2048
 e90:	311d                	jal	ab6 <USART_Cmd>
 e92:	6105                	addi	sp,sp,32
 e94:	b80ff06f          	j	214 <__riscv_restore_0>
